main.obj : error LNK2019: unresolved external symbol "public: __cdecl test::test(void)" (??0test@@QEAA@XZ) referenced in function main
main.obj : error LNK2019: unresolved external symbol "int __cdecl test_func(void)" (?test_func@@YAHXZ) referenced in function main
C:\Users\yarik\Desktop\Standard\BMSTU\2 sem\OOP\Labs\Lab1\x64\Debug\Lab1_1.exe : fatal error LNK1120: 2 unresolved externals
